<?xml version="1.0" encoding="UTF-8"?>
<testsuite xmlns:xsi="http://www.w3.org/2001/XMLSchema-instance" xsi:schemaLocation="https://maven.apache.org/surefire/maven-surefire-plugin/xsd/surefire-test-report.xsd" name="apiTest.testEndPoints.TestGetCountryName" time="0.828" tests="11" errors="0" skipped="0" failures="10">
  <properties>
    <property name="java.runtime.name" value="Java(TM) SE Runtime Environment"/>
    <property name="java.vm.version" value="14.0.1+7"/>
    <property name="sun.boot.library.path" value="/Library/Java/JavaVirtualMachines/jdk-14.0.1.jdk/Contents/Home/lib"/>
    <property name="maven.multiModuleProjectDirectory" value="/Users/sirishakalluri/eclipse-workspacenew1/maven-test"/>
    <property name="java.vm.vendor" value="Oracle Corporation"/>
    <property name="java.vendor.url" value="https://java.oracle.com/"/>
    <property name="guice.disable.misplaced.annotation.check" value="true"/>
    <property name="path.separator" value=":"/>
    <property name="java.vm.name" value="Java HotSpot(TM) 64-Bit Server VM"/>
    <property name="user.country" value="US"/>
    <property name="sun.java.launcher" value="SUN_STANDARD"/>
    <property name="java.vm.specification.name" value="Java Virtual Machine Specification"/>
    <property name="user.dir" value="/Users/sirishakalluri/eclipse-workspacenew1/maven-test"/>
    <property name="java.vm.compressedOopsMode" value="Zero based"/>
    <property name="java.runtime.version" value="14.0.1+7"/>
    <property name="os.arch" value="x86_64"/>
    <property name="java.io.tmpdir" value="/var/folders/4m/pwn18pmj61j9d49tr54b8pxr0000gn/T/"/>
    <property name="line.separator" value="&#10;"/>
    <property name="java.vm.specification.vendor" value="Oracle Corporation"/>
    <property name="os.name" value="Mac OS X"/>
    <property name="classworlds.conf" value="/Users/sirishakalluri/eclipse-workspacenew1/.metadata/.plugins/org.eclipse.m2e.launching/launches/m2conf15036012548595610206.tmp"/>
    <property name="sun.jnu.encoding" value="UTF-8"/>
    <property name="java.library.path" value="/Users/sirishakalluri/Library/Java/Extensions:/Library/Java/Extensions:/Network/Library/Java/Extensions:/System/Library/Java/Extensions:/usr/lib/java:."/>
    <property name="jdk.debug" value="release"/>
    <property name="java.class.version" value="58.0"/>
    <property name="java.specification.name" value="Java Platform API Specification"/>
    <property name="sun.management.compiler" value="HotSpot 64-Bit Tiered Compilers"/>
    <property name="os.version" value="10.15.5"/>
    <property name="http.nonProxyHosts" value="local|*.local|169.254/16|*.169.254/16"/>
    <property name="user.home" value="/Users/sirishakalluri"/>
    <property name="user.timezone" value="America/New_York"/>
    <property name="file.encoding" value="UTF-8"/>
    <property name="java.specification.version" value="14"/>
    <property name="user.name" value="sirishakalluri"/>
    <property name="java.class.path" value="/Users/sirishakalluri/.p2/pool/plugins/org.eclipse.m2e.maven.runtime_1.15.0.20200310-1832/jars/plexus-classworlds-2.6.0.jar"/>
    <property name="java.vm.specification.version" value="14"/>
    <property name="sun.arch.data.model" value="64"/>
    <property name="sun.java.command" value="org.codehaus.plexus.classworlds.launcher.Launcher -B install"/>
    <property name="java.home" value="/Library/Java/JavaVirtualMachines/jdk-14.0.1.jdk/Contents/Home"/>
    <property name="user.language" value="en"/>
    <property name="java.specification.vendor" value="Oracle Corporation"/>
    <property name="java.vm.info" value="mixed mode, sharing"/>
    <property name="java.version" value="14.0.1"/>
    <property name="java.vendor" value="Oracle Corporation"/>
    <property name="maven.home" value="/Users/sirishakalluri/eclipse-workspacenew1/maven-test/EMBEDDED"/>
    <property name="file.separator" value="/"/>
    <property name="java.version.date" value="2020-04-14"/>
    <property name="java.vendor.url.bug" value="https://bugreport.java.com/bugreport/"/>
    <property name="sun.io.unicode.encoding" value="UnicodeBig"/>
    <property name="sun.cpu.endian" value="little"/>
    <property name="socksNonProxyHosts" value="local|*.local|169.254/16|*.169.254/16"/>
    <property name="ftp.nonProxyHosts" value="local|*.local|169.254/16|*.169.254/16"/>
  </properties>
  <testcase name="TEstgetCountrySerachByFullName" classname="apiTest.testEndPoints.TestGetCountryName" time="0.004"/>
  <testcase name="testAcountryInDetail" classname="apiTest.testEndPoints.TestGetCountryName" time="0.206">
    <failure message="javax/xml/bind/JAXBException" type="java.lang.NoClassDefFoundError">java.lang.NoClassDefFoundError: javax/xml/bind/JAXBException
	at apiTest.testEndPoints.TestGetCountryName.testAcountryInDetail(TestGetCountryName.java:37)
Caused by: java.lang.ClassNotFoundException: javax.xml.bind.JAXBException
	at apiTest.testEndPoints.TestGetCountryName.testAcountryInDetail(TestGetCountryName.java:37)
</failure>
  </testcase>
  <testcase name="testValidateEachCoutryByCoutnryCode" classname="apiTest.testEndPoints.TestGetCountryName" time="0.001">
    <failure message="Could not initialize class io.restassured.RestAssured" type="java.lang.NoClassDefFoundError">java.lang.NoClassDefFoundError: Could not initialize class io.restassured.RestAssured
	at apiTest.testEndPoints.TestGetCountryName.testValidateEachCoutryByCoutnryCode(TestGetCountryName.java:119)
</failure>
  </testcase>
  <testcase name="testValidateEachCoutryByCoutnryCode" classname="apiTest.testEndPoints.TestGetCountryName" time="0">
    <failure message="Could not initialize class io.restassured.RestAssured" type="java.lang.NoClassDefFoundError">java.lang.NoClassDefFoundError: Could not initialize class io.restassured.RestAssured
	at apiTest.testEndPoints.TestGetCountryName.testValidateEachCoutryByCoutnryCode(TestGetCountryName.java:119)
</failure>
  </testcase>
  <testcase name="testValidateEachCoutryByCoutnryCode" classname="apiTest.testEndPoints.TestGetCountryName" time="0.001">
    <failure message="Could not initialize class io.restassured.RestAssured" type="java.lang.NoClassDefFoundError">java.lang.NoClassDefFoundError: Could not initialize class io.restassured.RestAssured
	at apiTest.testEndPoints.TestGetCountryName.testValidateEachCoutryByCoutnryCode(TestGetCountryName.java:119)
</failure>
  </testcase>
  <testcase name="testValidateEachCoutryByCoutnryCode" classname="apiTest.testEndPoints.TestGetCountryName" time="0">
    <failure message="Could not initialize class io.restassured.RestAssured" type="java.lang.NoClassDefFoundError">java.lang.NoClassDefFoundError: Could not initialize class io.restassured.RestAssured
	at apiTest.testEndPoints.TestGetCountryName.testValidateEachCoutryByCoutnryCode(TestGetCountryName.java:119)
</failure>
  </testcase>
  <testcase name="testValidateEachCoutryCapitalCity" classname="apiTest.testEndPoints.TestGetCountryName" time="0">
    <failure message="Could not initialize class io.restassured.RestAssured" type="java.lang.NoClassDefFoundError">java.lang.NoClassDefFoundError: Could not initialize class io.restassured.RestAssured
	at apiTest.testEndPoints.TestGetCountryName.testValidateEachCoutryCapitalCity(TestGetCountryName.java:80)
</failure>
  </testcase>
  <testcase name="testValidateEachCoutryCapitalCity" classname="apiTest.testEndPoints.TestGetCountryName" time="0.001">
    <failure message="Could not initialize class io.restassured.RestAssured" type="java.lang.NoClassDefFoundError">java.lang.NoClassDefFoundError: Could not initialize class io.restassured.RestAssured
	at apiTest.testEndPoints.TestGetCountryName.testValidateEachCoutryCapitalCity(TestGetCountryName.java:80)
</failure>
  </testcase>
  <testcase name="testValidateEachCoutryCapitalCity" classname="apiTest.testEndPoints.TestGetCountryName" time="0">
    <failure message="Could not initialize class io.restassured.RestAssured" type="java.lang.NoClassDefFoundError">java.lang.NoClassDefFoundError: Could not initialize class io.restassured.RestAssured
	at apiTest.testEndPoints.TestGetCountryName.testValidateEachCoutryCapitalCity(TestGetCountryName.java:80)
</failure>
  </testcase>
  <testcase name="testValidateEachCoutryCapitalCity" classname="apiTest.testEndPoints.TestGetCountryName" time="0.002">
    <failure message="Could not initialize class io.restassured.RestAssured" type="java.lang.NoClassDefFoundError">java.lang.NoClassDefFoundError: Could not initialize class io.restassured.RestAssured
	at apiTest.testEndPoints.TestGetCountryName.testValidateEachCoutryCapitalCity(TestGetCountryName.java:80)
</failure>
  </testcase>
  <testcase name="testValidateEachCoutryCapitalCity" classname="apiTest.testEndPoints.TestGetCountryName" time="0">
    <failure message="Could not initialize class io.restassured.RestAssured" type="java.lang.NoClassDefFoundError">java.lang.NoClassDefFoundError: Could not initialize class io.restassured.RestAssured
	at apiTest.testEndPoints.TestGetCountryName.testValidateEachCoutryCapitalCity(TestGetCountryName.java:80)
</failure>
  </testcase>
</testsuite>